2026-01-22 11:34:21,330 | INFO     | marva.s1.runner | run=s1_cli_run | Starting S1 runner with mode=single, scope=reqview_raw.csv, limit=1
2026-01-22 11:34:21,332 | INFO     | marva.s1.pipeline | run=s1_cli_run | Running S1 single for requirement ID: reqView-01
2026-01-23 13:39:24,834 | INFO     | marva.s2.runner | run=s2_run_20260123 | Starting S2 runner with mode=single, scope=reqview_raw.csv, limit=1
2026-01-23 13:43:13,726 | INFO     | marva.s2.runner | run=s2_run_20260123 | Starting S2 runner with mode=single, scope=reqview_raw.csv, limit=1
2026-01-23 13:45:39,721 | INFO     | marva.s2.runner | run=s2_run_20260123 | Starting S2 runner with mode=single, scope=reqview_raw.csv, limit=1
2026-01-23 13:49:48,884 | INFO     | marva.s2.runner | run=s2_run_20260123 | Starting S2 runner with mode=single, scope=reqview_raw.csv, limit=1
2026-01-23 13:50:28,765 | INFO     | marva.s2.runner | run=s2_run_20260123 | Starting S2 runner with mode=single, scope=reqview_raw.csv, limit=1
2026-01-23 13:50:42,532 | INFO     | marva.s2.runner | run=s2_run_20260123 | Starting S2 runner with mode=single, scope=reqview_raw.csv, limit=1
2026-01-23 14:00:19,419 | INFO     | marva.s2.runner_new | run=s2_run_20260123 | Starting S2 runner with mode=single, scope=reqview_raw.csv, limit=1
2026-01-23 14:01:01,392 | INFO     | marva.s2.runner_new | run=s2_run_20260123 | Starting S2 runner with mode=single, scope=reqview_raw.csv, limit=1
2026-01-23 14:01:57,697 | INFO     | marva.s2.runner_new | run=s2_run_20260123 | Starting S2 runner with mode=single, scope=reqview_raw.csv, limit=1
2026-01-23 14:01:57,700 | INFO     | marva.s2.pipeline | run=s2_run_20260123 | Validating single requirement: reqView-01
2026-01-23 14:03:25,408 | INFO     | marva.s2.runner_new | run=s2_run_20260123 | Starting S2 runner with mode=single, scope=reqview_raw.csv, limit=1
2026-01-23 14:03:25,411 | INFO     | marva.s2.pipeline | run=s2_run_20260123 | Validating single requirement: reqView-01
2026-01-23 14:05:45,472 | INFO     | marva.s2.runner_new | run=s2_run_20260123 | Starting S2 runner with mode=single, scope=reqview_raw.csv, limit=1
2026-01-23 14:05:45,475 | INFO     | marva.s2.pipeline | run=s2_run_20260123 | Validating single requirement: reqView-01
2026-01-23 14:10:32,691 | INFO     | marva.s2.runner_new | run=s2_run_20260123 | Starting S2 runner with mode=single, scope=reqview_raw.csv, limit=1
2026-01-23 14:10:32,693 | INFO     | marva.s2.pipeline | run=s2_run_20260123 | Validating single requirement: reqView-01
2026-01-23 14:12:47,144 | INFO     | marva.s2.runner_new | run=s2_run_20260123 | Starting S2 runner with mode=single, scope=reqview_raw.csv, limit=1
2026-01-23 14:12:47,147 | INFO     | marva.s2.pipeline | run=s2_run_20260123 | Validating single requirement: reqView-01
2026-01-23 15:58:26,345 | INFO     | marva.s2.runner_new | run=s2_run_20260123 | Starting S2 runner with mode=group, scope=reqview_raw.csv, limit=2
2026-01-23 15:58:46,532 | INFO     | marva.s2.runner_new | run=s2_run_20260123 | Starting S2 runner with mode=group, scope=reqview_raw.csv, limit=2
2026-01-23 15:59:19,767 | INFO     | marva.s2.runner_new | run=s2_run_20260123 | Starting S2 runner with mode=group, scope=reqview_raw.csv, limit=2
2026-01-23 15:59:50,080 | INFO     | marva.s2.runner_new | run=s2_run_20260123 | Starting S2 runner with mode=group, scope=reqview_raw.csv, limit=2
2026-01-23 16:03:59,531 | INFO     | marva.s2.runner_new | run=s2_run_20260123 | Starting S2 runner with mode=group, scope=reqview_raw.csv, limit=2
2026-01-23 16:05:09,448 | INFO     | marva.s2.runner_new | run=s2_run_20260123 | Starting S2 runner with mode=group, scope=reqview_raw.csv, limit=2
2026-01-23 16:05:31,057 | INFO     | marva.s2.runner_new | run=s2_run_20260123 | Starting S2 runner with mode=group, scope=reqview_raw.csv, limit=2
2026-01-23 16:07:37,464 | INFO     | marva.s2.runner_new | run=s2_run_20260123 | Starting S2 runner with mode=group, scope=reqview_raw.csv, limit=2
2026-01-23 16:11:18,826 | INFO     | marva.s2.runner_new | run=s2_run_20260123 | Starting S2 runner with mode=group, scope=reqview_raw.csv, limit=2
2026-01-23 16:15:33,938 | INFO     | marva.s2.runner_new | run=s2_run_20260123 | Starting S2 runner with mode=group, scope=reqview_raw.csv, limit=2
